-2
1
-1183949225
1923484461
-1517367171
0
0
-1183949225
-2
1
-1183949225
1923484461
-1517367171
0
0
2028897905
-2
1
-1183949225
1923484461
-1517367171
0
0
2028897905
-2
1
-1183949225
1923484461
-1517367171
0
0
-1183949225
-2
1
-1183949225
1923484461
-1517367171
0
0
-1183949225
-2
1
2028897905
1923484461
-1517367171
0
0
2028897905
-2
1
-1183949225
1923484461
-1517367171
0
0
-1183949225
-2
1
-1183949225
1923484461
-1517367171
0
0
2028897905
-2
1
-1183949225
1923484461
-1517367171
0
0
2028897905
-2
1
-1183949225
1923484461
-1517367171
0
0
-1183949225
-2
1
-1183949225
1923484461
-1517367171
0
0
-1183949225
-2
1
2028897905
1923484461
-1517367171
0
0
2028897905
0
2028897905
0
1
